0 info it worked if it ends with ok
1 verbose cli [ '/usr/local/bin/node', '/usr/local/bin/npm', 'run', 'deploy' ]
2 info using npm@3.9.5
3 info using node@v6.2.2
4 verbose run-script [ 'predeploy', 'deploy', 'postdeploy' ]
5 info lifecycle beeline-admin@1.1.1~predeploy: beeline-admin@1.1.1
6 silly lifecycle beeline-admin@1.1.1~predeploy: no script for predeploy, continuing
7 info lifecycle beeline-admin@1.1.1~deploy: beeline-admin@1.1.1
8 verbose lifecycle beeline-admin@1.1.1~deploy: unsafe-perm in lifecycle true
9 verbose lifecycle beeline-admin@1.1.1~deploy: PATH: /usr/local/lib/node_modules/npm/bin/node-gyp-bin:/Users/yongjun21/GitHub/beeline-admin/node_modules/.bin:/usr/local/bin:/Users/yongjun21/anaconda/bin:/usr/local/bin:/usr/bin:/bin:/usr/sbin:/sbin
10 verbose lifecycle beeline-admin@1.1.1~deploy: CWD: /Users/yongjun21/GitHub/beeline-admin
11 silly lifecycle beeline-admin@1.1.1~deploy: Args: [ '-c',
11 silly lifecycle   './build-wrs.sh && git add www && git commit && git subtree push --prefix www/ origin gh-pages' ]
12 silly lifecycle beeline-admin@1.1.1~deploy: Returned: code: 1  signal: null
13 info lifecycle beeline-admin@1.1.1~deploy: Failed to exec deploy script
14 verbose stack Error: beeline-admin@1.1.1 deploy: `./build-wrs.sh && git add www && git commit && git subtree push --prefix www/ origin gh-pages`
14 verbose stack Exit status 1
14 verbose stack     at EventEmitter.<anonymous> (/usr/local/lib/node_modules/npm/lib/utils/lifecycle.js:245:16)
14 verbose stack     at emitTwo (events.js:106:13)
14 verbose stack     at EventEmitter.emit (events.js:191:7)
14 verbose stack     at ChildProcess.<anonymous> (/usr/local/lib/node_modules/npm/lib/utils/spawn.js:24:14)
14 verbose stack     at emitTwo (events.js:106:13)
14 verbose stack     at ChildProcess.emit (events.js:191:7)
14 verbose stack     at maybeClose (internal/child_process.js:852:16)
14 verbose stack     at Process.ChildProcess._handle.onexit (internal/child_process.js:215:5)
15 verbose pkgid beeline-admin@1.1.1
16 verbose cwd /Users/yongjun21/GitHub/beeline-admin
17 error Darwin 15.5.0
18 error argv "/usr/local/bin/node" "/usr/local/bin/npm" "run" "deploy"
19 error node v6.2.2
20 error npm  v3.9.5
21 error code ELIFECYCLE
22 error beeline-admin@1.1.1 deploy: `./build-wrs.sh && git add www && git commit && git subtree push --prefix www/ origin gh-pages`
22 error Exit status 1
23 error Failed at the beeline-admin@1.1.1 deploy script './build-wrs.sh && git add www && git commit && git subtree push --prefix www/ origin gh-pages'.
23 error Make sure you have the latest version of node.js and npm installed.
23 error If you do, this is most likely a problem with the beeline-admin package,
23 error not with npm itself.
23 error Tell the author that this fails on your system:
23 error     ./build-wrs.sh && git add www && git commit && git subtree push --prefix www/ origin gh-pages
23 error You can get information on how to open an issue for this project with:
23 error     npm bugs beeline-admin
23 error Or if that isn't available, you can get their info via:
23 error     npm owner ls beeline-admin
23 error There is likely additional logging output above.
24 verbose exit [ 1, true ]
